{"/Users/benreilly/workspace/echo/echo-typescript-sdk/src/auth.ts": {"path":"/Users/benreilly/workspace/echo/echo-typescript-sdk/src/auth.ts","statementMap":{"0":{"start":{"line":6,"column":0},"end":{"line":6,"column":7}},"1":{"start":{"line":14,"column":0},"end":{"line":14,"column":7}},"2":{"start":{"line":23,"column":0},"end":{"line":23,"column":7}},"3":{"start":{"line":31,"column":0},"end":{"line":31,"column":16}},"4":{"start":{"line":1,"column":0},"end":{"line":1,"column":33}},"5":{"start":{"line":3,"column":21},"end":{"line":3,"column":31}},"6":{"start":{"line":4,"column":21},"end":{"line":4,"column":30}},"7":{"start":{"line":7,"column":2},"end":{"line":11,"column":3}},"8":{"start":{"line":8,"column":4},"end":{"line":8,"column":65}},"9":{"start":{"line":10,"column":4},"end":{"line":10,"column":57}},"10":{"start":{"line":15,"column":2},"end":{"line":20,"column":3}},"11":{"start":{"line":16,"column":19},"end":{"line":16,"column":71}},"12":{"start":{"line":17,"column":4},"end":{"line":17,"column":26}},"13":{"start":{"line":19,"column":4},"end":{"line":19,"column":16}},"14":{"start":{"line":24,"column":2},"end":{"line":28,"column":3}},"15":{"start":{"line":25,"column":4},"end":{"line":25,"column":60}},"16":{"start":{"line":32,"column":2},"end":{"line":34,"column":3}},"17":{"start":{"line":33,"column":4},"end":{"line":33,"column":17}},"18":{"start":{"line":35,"column":2},"end":{"line":35,"column":58}}},"fnMap":{"0":{"name":"storeApiKey","decl":{"start":{"line":6,"column":22},"end":{"line":6,"column":33}},"loc":{"start":{"line":6,"column":48},"end":{"line":12,"column":1}}},"1":{"name":"getStoredApiKey","decl":{"start":{"line":14,"column":22},"end":{"line":14,"column":37}},"loc":{"start":{"line":14,"column":37},"end":{"line":21,"column":1}}},"2":{"name":"removeStoredApiKey","decl":{"start":{"line":23,"column":22},"end":{"line":23,"column":40}},"loc":{"start":{"line":23,"column":40},"end":{"line":29,"column":1}}},"3":{"name":"validateApiKey","decl":{"start":{"line":31,"column":16},"end":{"line":31,"column":30}},"loc":{"start":{"line":31,"column":45},"end":{"line":36,"column":1}}}},"branchMap":{"0":{"loc":{"start":{"line":17,"column":11},"end":{"line":17,"column":25}},"type":"binary-expr","locations":[{"start":{"line":17,"column":11},"end":{"line":17,"column":17}},{"start":{"line":17,"column":21},"end":{"line":17,"column":25}}]},"1":{"loc":{"start":{"line":32,"column":2},"end":{"line":34,"column":3}},"type":"if","locations":[{"start":{"line":32,"column":2},"end":{"line":34,"column":3}}]},"2":{"loc":{"start":{"line":32,"column":6},"end":{"line":32,"column":43}},"type":"binary-expr","locations":[{"start":{"line":32,"column":6},"end":{"line":32,"column":13}},{"start":{"line":32,"column":17},"end":{"line":32,"column":43}}]},"3":{"loc":{"start":{"line":35,"column":9},"end":{"line":35,"column":57}},"type":"binary-expr","locations":[{"start":{"line":35,"column":9},"end":{"line":35,"column":35}},{"start":{"line":35,"column":39},"end":{"line":35,"column":57}}]}},"s":{"0":3,"1":3,"2":3,"3":3,"4":3,"5":3,"6":3,"7":7,"8":7,"9":1,"10":7,"11":7,"12":6,"13":1,"14":4,"15":4,"16":12,"17":3,"18":9},"f":{"0":7,"1":7,"2":4,"3":12},"b":{"0":[6,3],"1":[3],"2":[12,9],"3":[9,5]}}
,"/Users/benreilly/workspace/echo/echo-typescript-sdk/src/cli.ts": {"path":"/Users/benreilly/workspace/echo/echo-typescript-sdk/src/cli.ts","statementMap":{"0":{"start":{"line":3,"column":0},"end":{"line":3,"column":26}},"1":{"start":{"line":4,"column":0},"end":{"line":4,"column":32}},"2":{"start":{"line":5,"column":0},"end":{"line":5,"column":36}},"3":{"start":{"line":6,"column":0},"end":{"line":6,"column":24}},"4":{"start":{"line":7,"column":0},"end":{"line":7,"column":38}},"5":{"start":{"line":8,"column":0},"end":{"line":8,"column":90}},"6":{"start":{"line":10,"column":16},"end":{"line":10,"column":29}},"7":{"start":{"line":12,"column":0},"end":{"line":21,"column":2}},"8":{"start":{"line":23,"column":0},"end":{"line":23,"column":81}},"9":{"start":{"line":25,"column":0},"end":{"line":28,"column":20}},"10":{"start":{"line":32,"column":17},"end":{"line":32,"column":40}},"11":{"start":{"line":33,"column":2},"end":{"line":35,"column":3}},"12":{"start":{"line":34,"column":4},"end":{"line":34,"column":38}},"13":{"start":{"line":37,"column":2},"end":{"line":37,"column":104}},"14":{"start":{"line":38,"column":2},"end":{"line":38,"column":18}},"15":{"start":{"line":42,"column":0},"end":{"line":117,"column":5}},"16":{"start":{"line":46,"column":4},"end":{"line":116,"column":5}},"17":{"start":{"line":47,"column":6},"end":{"line":47,"column":56}},"18":{"start":{"line":48,"column":6},"end":{"line":48,"column":20}},"19":{"start":{"line":50,"column":22},"end":{"line":50,"column":74}},"20":{"start":{"line":51,"column":22},"end":{"line":51,"column":43}},"21":{"start":{"line":53,"column":6},"end":{"line":53,"column":91}},"22":{"start":{"line":54,"column":6},"end":{"line":54,"column":49}},"23":{"start":{"line":55,"column":6},"end":{"line":55,"column":20}},"24":{"start":{"line":58,"column":6},"end":{"line":64,"column":7}},"25":{"start":{"line":59,"column":8},"end":{"line":59,"column":28}},"26":{"start":{"line":61,"column":8},"end":{"line":61,"column":89}},"27":{"start":{"line":62,"column":8},"end":{"line":62,"column":41}},"28":{"start":{"line":63,"column":8},"end":{"line":63,"column":22}},"29":{"start":{"line":66,"column":6},"end":{"line":66,"column":49}},"30":{"start":{"line":67,"column":6},"end":{"line":67,"column":75}},"31":{"start":{"line":68,"column":6},"end":{"line":68,"column":85}},"32":{"start":{"line":69,"column":6},"end":{"line":69,"column":70}},"33":{"start":{"line":70,"column":6},"end":{"line":70,"column":72}},"34":{"start":{"line":71,"column":6},"end":{"line":71,"column":20}},"35":{"start":{"line":73,"column":25},"end":{"line":89,"column":8}},"36":{"start":{"line":80,"column":12},"end":{"line":82,"column":13}},"37":{"start":{"line":81,"column":14},"end":{"line":81,"column":43}},"38":{"start":{"line":83,"column":12},"end":{"line":85,"column":13}},"39":{"start":{"line":84,"column":14},"end":{"line":84,"column":73}},"40":{"start":{"line":86,"column":12},"end":{"line":86,"column":24}},"41":{"start":{"line":91,"column":26},"end":{"line":91,"column":39}},"42":{"start":{"line":93,"column":6},"end":{"line":93,"column":57}},"43":{"start":{"line":96,"column":21},"end":{"line":96,"column":60}},"44":{"start":{"line":98,"column":6},"end":{"line":106,"column":7}},"45":{"start":{"line":99,"column":25},"end":{"line":99,"column":52}},"46":{"start":{"line":100,"column":8},"end":{"line":100,"column":69}},"47":{"start":{"line":101,"column":8},"end":{"line":101,"column":97}},"48":{"start":{"line":103,"column":8},"end":{"line":103,"column":64}},"49":{"start":{"line":104,"column":8},"end":{"line":104,"column":50}},"50":{"start":{"line":105,"column":8},"end":{"line":105,"column":24}},"51":{"start":{"line":109,"column":6},"end":{"line":109,"column":37}},"52":{"start":{"line":110,"column":6},"end":{"line":110,"column":61}},"53":{"start":{"line":111,"column":6},"end":{"line":111,"column":20}},"54":{"start":{"line":112,"column":6},"end":{"line":112,"column":92}},"55":{"start":{"line":114,"column":6},"end":{"line":114,"column":55}},"56":{"start":{"line":115,"column":6},"end":{"line":115,"column":22}},"57":{"start":{"line":120,"column":0},"end":{"line":131,"column":5}},"58":{"start":{"line":124,"column":4},"end":{"line":130,"column":5}},"59":{"start":{"line":125,"column":6},"end":{"line":125,"column":33}},"60":{"start":{"line":126,"column":6},"end":{"line":126,"column":61}},"61":{"start":{"line":128,"column":6},"end":{"line":128,"column":56}},"62":{"start":{"line":129,"column":6},"end":{"line":129,"column":22}},"63":{"start":{"line":134,"column":0},"end":{"line":170,"column":5}},"64":{"start":{"line":139,"column":4},"end":{"line":169,"column":5}},"65":{"start":{"line":140,"column":21},"end":{"line":140,"column":51}},"66":{"start":{"line":141,"column":6},"end":{"line":141,"column":63}},"67":{"start":{"line":143,"column":23},"end":{"line":143,"column":50}},"68":{"start":{"line":145,"column":6},"end":{"line":148,"column":7}},"69":{"start":{"line":146,"column":8},"end":{"line":146,"column":75}},"70":{"start":{"line":147,"column":8},"end":{"line":147,"column":15}},"71":{"start":{"line":150,"column":6},"end":{"line":150,"column":78}},"72":{"start":{"line":152,"column":6},"end":{"line":165,"column":9}},"73":{"start":{"line":153,"column":8},"end":{"line":153,"column":95}},"74":{"start":{"line":154,"column":8},"end":{"line":156,"column":9}},"75":{"start":{"line":155,"column":10},"end":{"line":155,"column":59}},"76":{"start":{"line":157,"column":8},"end":{"line":157,"column":98}},"77":{"start":{"line":158,"column":8},"end":{"line":160,"column":9}},"78":{"start":{"line":159,"column":10},"end":{"line":159,"column":84}},"79":{"start":{"line":161,"column":8},"end":{"line":163,"column":9}},"80":{"start":{"line":162,"column":10},"end":{"line":162,"column":81}},"81":{"start":{"line":164,"column":8},"end":{"line":164,"column":22}},"82":{"start":{"line":167,"column":6},"end":{"line":167,"column":68}},"83":{"start":{"line":168,"column":6},"end":{"line":168,"column":22}},"84":{"start":{"line":173,"column":0},"end":{"line":190,"column":5}},"85":{"start":{"line":177,"column":4},"end":{"line":189,"column":5}},"86":{"start":{"line":178,"column":21},"end":{"line":178,"column":51}},"87":{"start":{"line":179,"column":6},"end":{"line":179,"column":61}},"88":{"start":{"line":181,"column":22},"end":{"line":181,"column":47}},"89":{"start":{"line":183,"column":6},"end":{"line":183,"column":74}},"90":{"start":{"line":184,"column":6},"end":{"line":184,"column":84}},"91":{"start":{"line":185,"column":6},"end":{"line":185,"column":80}},"92":{"start":{"line":187,"column":6},"end":{"line":187,"column":66}},"93":{"start":{"line":188,"column":6},"end":{"line":188,"column":22}},"94":{"start":{"line":193,"column":0},"end":{"line":237,"column":5}},"95":{"start":{"line":199,"column":4},"end":{"line":236,"column":5}},"96":{"start":{"line":200,"column":21},"end":{"line":200,"column":51}},"97":{"start":{"line":202,"column":36},"end":{"line":202,"column":43}},"98":{"start":{"line":204,"column":6},"end":{"line":221,"column":7}},"99":{"start":{"line":205,"column":24},"end":{"line":218,"column":10}},"100":{"start":{"line":210,"column":33},"end":{"line":210,"column":77}},"101":{"start":{"line":219,"column":8},"end":{"line":219,"column":32}},"102":{"start":{"line":220,"column":8},"end":{"line":220,"column":42}},"103":{"start":{"line":223,"column":6},"end":{"line":223,"column":63}},"104":{"start":{"line":225,"column":23},"end":{"line":228,"column":8}},"105":{"start":{"line":230,"column":6},"end":{"line":230,"column":73}},"106":{"start":{"line":231,"column":6},"end":{"line":231,"column":70}},"107":{"start":{"line":232,"column":6},"end":{"line":232,"column":131}},"108":{"start":{"line":234,"column":6},"end":{"line":234,"column":74}},"109":{"start":{"line":235,"column":6},"end":{"line":235,"column":22}},"110":{"start":{"line":239,"column":0},"end":{"line":239,"column":16}}},"fnMap":{"0":{"name":"getAuthenticatedClient","decl":{"start":{"line":31,"column":15},"end":{"line":31,"column":37}},"loc":{"start":{"line":31,"column":37},"end":{"line":39,"column":1}}},"1":{"name":"(anonymous_2)","decl":{"start":{"line":45,"column":10},"end":{"line":45,"column":15}},"loc":{"start":{"line":45,"column":21},"end":{"line":117,"column":3}}},"2":{"name":"(anonymous_3)","decl":{"start":{"line":79,"column":20},"end":{"line":79,"column":21}},"loc":{"start":{"line":79,"column":38},"end":{"line":87,"column":11}}},"3":{"name":"(anonymous_4)","decl":{"start":{"line":123,"column":10},"end":{"line":123,"column":15}},"loc":{"start":{"line":123,"column":21},"end":{"line":131,"column":3}}},"4":{"name":"(anonymous_5)","decl":{"start":{"line":138,"column":10},"end":{"line":138,"column":15}},"loc":{"start":{"line":138,"column":21},"end":{"line":170,"column":3}}},"5":{"name":"(anonymous_6)","decl":{"start":{"line":152,"column":23},"end":{"line":152,"column":24}},"loc":{"start":{"line":152,"column":38},"end":{"line":165,"column":7}}},"6":{"name":"(anonymous_7)","decl":{"start":{"line":176,"column":10},"end":{"line":176,"column":15}},"loc":{"start":{"line":176,"column":21},"end":{"line":190,"column":3}}},"7":{"name":"(anonymous_8)","decl":{"start":{"line":198,"column":10},"end":{"line":198,"column":15}},"loc":{"start":{"line":198,"column":28},"end":{"line":237,"column":3}}},"8":{"name":"(anonymous_9)","decl":{"start":{"line":210,"column":22},"end":{"line":210,"column":23}},"loc":{"start":{"line":210,"column":33},"end":{"line":210,"column":77}}}},"branchMap":{"0":{"loc":{"start":{"line":33,"column":2},"end":{"line":35,"column":3}},"type":"if","locations":[{"start":{"line":33,"column":2},"end":{"line":35,"column":3}}]},"1":{"loc":{"start":{"line":33,"column":6},"end":{"line":33,"column":38}},"type":"binary-expr","locations":[{"start":{"line":33,"column":6},"end":{"line":33,"column":12}},{"start":{"line":33,"column":16},"end":{"line":33,"column":38}}]},"2":{"loc":{"start":{"line":50,"column":22},"end":{"line":50,"column":74}},"type":"binary-expr","locations":[{"start":{"line":50,"column":22},"end":{"line":50,"column":47}},{"start":{"line":50,"column":51},"end":{"line":50,"column":74}}]},"3":{"loc":{"start":{"line":80,"column":12},"end":{"line":82,"column":13}},"type":"if","locations":[{"start":{"line":80,"column":12},"end":{"line":82,"column":13}}]},"4":{"loc":{"start":{"line":83,"column":12},"end":{"line":85,"column":13}},"type":"if","locations":[{"start":{"line":83,"column":12},"end":{"line":85,"column":13}}]},"5":{"loc":{"start":{"line":145,"column":6},"end":{"line":148,"column":7}},"type":"if","locations":[{"start":{"line":145,"column":6},"end":{"line":148,"column":7}}]},"6":{"loc":{"start":{"line":154,"column":8},"end":{"line":156,"column":9}},"type":"if","locations":[{"start":{"line":154,"column":8},"end":{"line":156,"column":9}}]},"7":{"loc":{"start":{"line":157,"column":34},"end":{"line":157,"column":94}},"type":"cond-expr","locations":[{"start":{"line":157,"column":49},"end":{"line":157,"column":70}},{"start":{"line":157,"column":73},"end":{"line":157,"column":94}}]},"8":{"loc":{"start":{"line":158,"column":8},"end":{"line":160,"column":9}},"type":"if","locations":[{"start":{"line":158,"column":8},"end":{"line":160,"column":9}}]},"9":{"loc":{"start":{"line":161,"column":8},"end":{"line":163,"column":9}},"type":"if","locations":[{"start":{"line":161,"column":8},"end":{"line":163,"column":9}}]},"10":{"loc":{"start":{"line":204,"column":6},"end":{"line":221,"column":7}},"type":"if","locations":[{"start":{"line":204,"column":6},"end":{"line":221,"column":7}}]},"11":{"loc":{"start":{"line":210,"column":33},"end":{"line":210,"column":77}},"type":"binary-expr","locations":[{"start":{"line":210,"column":33},"end":{"line":210,"column":42}},{"start":{"line":210,"column":46},"end":{"line":210,"column":77}}]}},"s":{"0":0,"1":0,"2":0,"3":0,"4":0,"5":0,"6":0,"7":0,"8":0,"9":0,"10":0,"11":0,"12":0,"13":0,"14":0,"15":0,"16":0,"17":0,"18":0,"19":0,"20":0,"21":0,"22":0,"23":0,"24":0,"25":0,"26":0,"27":0,"28":0,"29":0,"30":0,"31":0,"32":0,"33":0,"34":0,"35":0,"36":0,"37":0,"38":0,"39":0,"40":0,"41":0,"42":0,"43":0,"44":0,"45":0,"46":0,"47":0,"48":0,"49":0,"50":0,"51":0,"52":0,"53":0,"54":0,"55":0,"56":0,"57":0,"58":0,"59":0,"60":0,"61":0,"62":0,"63":0,"64":0,"65":0,"66":0,"67":0,"68":0,"69":0,"70":0,"71":0,"72":0,"73":0,"74":0,"75":0,"76":0,"77":0,"78":0,"79":0,"80":0,"81":0,"82":0,"83":0,"84":0,"85":0,"86":0,"87":0,"88":0,"89":0,"90":0,"91":0,"92":0,"93":0,"94":0,"95":0,"96":0,"97":0,"98":0,"99":0,"100":0,"101":0,"102":0,"103":0,"104":0,"105":0,"106":0,"107":0,"108":0,"109":0,"110":0},"f":{"0":0,"1":0,"2":0,"3":0,"4":0,"5":0,"6":0,"7":0,"8":0},"b":{"0":[0],"1":[0,0],"2":[0,0],"3":[0],"4":[0],"5":[0],"6":[0],"7":[0,0],"8":[0],"9":[0],"10":[0],"11":[0,0]}}
,"/Users/benreilly/workspace/echo/echo-typescript-sdk/src/client.ts": {"path":"/Users/benreilly/workspace/echo/echo-typescript-sdk/src/client.ts","statementMap":{"0":{"start":{"line":1,"column":0},"end":{"line":1,"column":57}},"1":{"start":{"line":2,"column":0},"end":{"line":2,"column":49}},"2":{"start":{"line":3,"column":0},"end":{"line":3,"column":41}},"3":{"start":{"line":17,"column":4},"end":{"line":17,"column":36}},"4":{"start":{"line":18,"column":4},"end":{"line":21,"column":7}},"5":{"start":{"line":24,"column":4},"end":{"line":30,"column":7}},"6":{"start":{"line":25,"column":21},"end":{"line":25,"column":66}},"7":{"start":{"line":26,"column":6},"end":{"line":28,"column":7}},"8":{"start":{"line":27,"column":8},"end":{"line":27,"column":61}},"9":{"start":{"line":29,"column":6},"end":{"line":29,"column":20}},"10":{"start":{"line":33,"column":4},"end":{"line":41,"column":6}},"11":{"start":{"line":34,"column":20},"end":{"line":34,"column":28}},"12":{"start":{"line":36,"column":8},"end":{"line":38,"column":9}},"13":{"start":{"line":37,"column":10},"end":{"line":37,"column":102}},"14":{"start":{"line":39,"column":8},"end":{"line":39,"column":20}},"15":{"start":{"line":49,"column":4},"end":{"line":55,"column":5}},"16":{"start":{"line":50,"column":21},"end":{"line":50,"column":51}},"17":{"start":{"line":51,"column":23},"end":{"line":51,"column":70}},"18":{"start":{"line":52,"column":6},"end":{"line":52,"column":27}},"19":{"start":{"line":54,"column":6},"end":{"line":54,"column":63}},"20":{"start":{"line":63,"column":4},"end":{"line":68,"column":5}},"21":{"start":{"line":64,"column":23},"end":{"line":64,"column":80}},"22":{"start":{"line":65,"column":6},"end":{"line":65,"column":27}},"23":{"start":{"line":67,"column":6},"end":{"line":67,"column":69}},"24":{"start":{"line":78,"column":21},"end":{"line":82,"column":6}},"25":{"start":{"line":83,"column":4},"end":{"line":83,"column":36}},"26":{"start":{"line":91,"column":4},"end":{"line":91,"column":50}},"27":{"start":{"line":98,"column":4},"end":{"line":103,"column":5}},"28":{"start":{"line":99,"column":23},"end":{"line":99,"column":82}},"29":{"start":{"line":100,"column":6},"end":{"line":100,"column":36}},"30":{"start":{"line":102,"column":6},"end":{"line":102,"column":65}},"31":{"start":{"line":111,"column":4},"end":{"line":116,"column":5}},"32":{"start":{"line":112,"column":23},"end":{"line":112,"column":69}},"33":{"start":{"line":113,"column":6},"end":{"line":113,"column":35}},"34":{"start":{"line":115,"column":6},"end":{"line":115,"column":64}},"35":{"start":{"line":120,"column":4},"end":{"line":122,"column":5}},"36":{"start":{"line":121,"column":6},"end":{"line":121,"column":67}},"37":{"start":{"line":123,"column":4},"end":{"line":125,"column":5}},"38":{"start":{"line":124,"column":6},"end":{"line":124,"column":55}},"39":{"start":{"line":126,"column":4},"end":{"line":126,"column":30}},"40":{"start":{"line":12,"column":0},"end":{"line":12,"column":13}}},"fnMap":{"0":{"name":"(anonymous_1)","decl":{"start":{"line":16,"column":2},"end":{"line":16,"column":14}},"loc":{"start":{"line":16,"column":42},"end":{"line":42,"column":3}}},"1":{"name":"(anonymous_2)","decl":{"start":{"line":24,"column":39},"end":{"line":24,"column":44}},"loc":{"start":{"line":24,"column":56},"end":{"line":30,"column":5}}},"2":{"name":"(anonymous_3)","decl":{"start":{"line":34,"column":6},"end":{"line":34,"column":7}},"loc":{"start":{"line":34,"column":20},"end":{"line":34,"column":28}}},"3":{"name":"(anonymous_4)","decl":{"start":{"line":35,"column":6},"end":{"line":35,"column":7}},"loc":{"start":{"line":35,"column":28},"end":{"line":40,"column":7}}},"4":{"name":"(anonymous_5)","decl":{"start":{"line":48,"column":2},"end":{"line":48,"column":7}},"loc":{"start":{"line":48,"column":37},"end":{"line":56,"column":3}}},"5":{"name":"(anonymous_6)","decl":{"start":{"line":62,"column":2},"end":{"line":62,"column":7}},"loc":{"start":{"line":62,"column":59},"end":{"line":69,"column":3}}},"6":{"name":"(anonymous_7)","decl":{"start":{"line":77,"column":2},"end":{"line":77,"column":7}},"loc":{"start":{"line":77,"column":77},"end":{"line":84,"column":3}}},"7":{"name":"(anonymous_8)","decl":{"start":{"line":90,"column":2},"end":{"line":90,"column":11}},"loc":{"start":{"line":90,"column":25},"end":{"line":92,"column":3}}},"8":{"name":"(anonymous_9)","decl":{"start":{"line":97,"column":2},"end":{"line":97,"column":7}},"loc":{"start":{"line":97,"column":20},"end":{"line":104,"column":3}}},"9":{"name":"(anonymous_10)","decl":{"start":{"line":110,"column":2},"end":{"line":110,"column":7}},"loc":{"start":{"line":110,"column":32},"end":{"line":117,"column":3}}},"10":{"name":"(anonymous_11)","decl":{"start":{"line":119,"column":10},"end":{"line":119,"column":21}},"loc":{"start":{"line":119,"column":49},"end":{"line":127,"column":3}}}},"branchMap":{"0":{"loc":{"start":{"line":25,"column":21},"end":{"line":25,"column":66}},"type":"binary-expr","locations":[{"start":{"line":25,"column":21},"end":{"line":25,"column":39}},{"start":{"line":25,"column":43},"end":{"line":25,"column":66}}]},"1":{"loc":{"start":{"line":26,"column":6},"end":{"line":28,"column":7}},"type":"if","locations":[{"start":{"line":26,"column":6},"end":{"line":28,"column":7}}]},"2":{"loc":{"start":{"line":36,"column":8},"end":{"line":38,"column":9}},"type":"if","locations":[{"start":{"line":36,"column":8},"end":{"line":38,"column":9}}]},"3":{"loc":{"start":{"line":50,"column":21},"end":{"line":50,"column":51}},"type":"cond-expr","locations":[{"start":{"line":50,"column":33},"end":{"line":50,"column":46}},{"start":{"line":50,"column":49},"end":{"line":50,"column":51}}]},"4":{"loc":{"start":{"line":81,"column":19},"end":{"line":81,"column":48}},"type":"binary-expr","locations":[{"start":{"line":81,"column":19},"end":{"line":81,"column":30}},{"start":{"line":81,"column":34},"end":{"line":81,"column":48}}]},"5":{"loc":{"start":{"line":120,"column":4},"end":{"line":122,"column":5}},"type":"if","locations":[{"start":{"line":120,"column":4},"end":{"line":122,"column":5}}]},"6":{"loc":{"start":{"line":123,"column":4},"end":{"line":125,"column":5}},"type":"if","locations":[{"start":{"line":123,"column":4},"end":{"line":125,"column":5}}]}},"s":{"0":2,"1":2,"2":2,"3":21,"4":21,"5":21,"6":0,"7":0,"8":0,"9":0,"10":21,"11":0,"12":0,"13":0,"14":0,"15":9,"16":9,"17":9,"18":3,"19":6,"20":5,"21":5,"22":4,"23":1,"24":2,"25":2,"26":2,"27":2,"28":2,"29":2,"30":0,"31":2,"32":2,"33":1,"34":1,"35":8,"36":1,"37":7,"38":7,"39":0,"40":2},"f":{"0":21,"1":0,"2":0,"3":0,"4":9,"5":5,"6":2,"7":2,"8":2,"9":2,"10":8},"b":{"0":[0,0],"1":[0],"2":[0],"3":[1,8],"4":[2,1],"5":[1],"6":[7]}}
,"/Users/benreilly/workspace/echo/echo-typescript-sdk/src/config.ts": {"path":"/Users/benreilly/workspace/echo/echo-typescript-sdk/src/config.ts","statementMap":{"0":{"start":{"line":10,"column":0},"end":{"line":10,"column":16}},"1":{"start":{"line":6,"column":13},"end":{"line":8,"column":2}},"2":{"start":{"line":11,"column":2},"end":{"line":14,"column":4}}},"fnMap":{"0":{"name":"getConfig","decl":{"start":{"line":10,"column":16},"end":{"line":10,"column":25}},"loc":{"start":{"line":10,"column":57},"end":{"line":15,"column":1}}}},"branchMap":{"0":{"loc":{"start":{"line":7,"column":11},"end":{"line":7,"column":63}},"type":"binary-expr","locations":[{"start":{"line":7,"column":11},"end":{"line":7,"column":36}},{"start":{"line":7,"column":40},"end":{"line":7,"column":63}}]}},"s":{"0":2,"1":2,"2":21},"f":{"0":21},"b":{"0":[2,2]}}
,"/Users/benreilly/workspace/echo/echo-typescript-sdk/src/index.ts": {"path":"/Users/benreilly/workspace/echo/echo-typescript-sdk/src/index.ts","statementMap":{"0":{"start":{"line":1,"column":0},"end":{"line":1,"column":9}},"1":{"start":{"line":1,"column":9},"end":{"line":1,"column":38}},"2":{"start":{"line":3,"column":0},"end":{"line":3,"column":24}},"3":{"start":{"line":4,"column":0},"end":{"line":4,"column":9}},"4":{"start":{"line":4,"column":9},"end":{"line":4,"column":40}}},"fnMap":{"0":{"name":"(anonymous_4)","decl":{"start":{"line":1,"column":9},"end":{"line":1,"column":19}},"loc":{"start":{"line":1,"column":9},"end":{"line":1,"column":38}}},"1":{"name":"(anonymous_5)","decl":{"start":{"line":4,"column":9},"end":{"line":4,"column":23}},"loc":{"start":{"line":4,"column":9},"end":{"line":4,"column":40}}}},"branchMap":{},"s":{"0":0,"1":0,"2":0,"3":0,"4":0},"f":{"0":0,"1":0},"b":{}}
}
