TN:
SF:src/auth.ts
FN:6,storeApiKey
FN:14,getStoredApiKey
FN:23,removeStoredApiKey
FN:31,validateApiKey
FNF:4
FNH:4
FNDA:7,storeApiKey
FNDA:7,getStoredApiKey
FNDA:4,removeStoredApiKey
FNDA:12,validateApiKey
DA:1,3
DA:3,3
DA:4,3
DA:6,3
DA:7,7
DA:8,7
DA:10,1
DA:14,3
DA:15,7
DA:16,7
DA:17,6
DA:19,1
DA:23,3
DA:24,4
DA:25,4
DA:31,3
DA:32,12
DA:33,3
DA:35,9
LF:19
LH:19
BRDA:17,0,0,6
BRDA:17,0,1,3
BRDA:32,1,0,3
BRDA:32,2,0,12
BRDA:32,2,1,9
BRDA:35,3,0,9
BRDA:35,3,1,5
BRF:7
BRH:7
end_of_record
TN:
SF:src/cli.ts
FN:31,getAuthenticatedClient
FN:45,(anonymous_2)
FN:79,(anonymous_3)
FN:123,(anonymous_4)
FN:138,(anonymous_5)
FN:152,(anonymous_6)
FN:176,(anonymous_7)
FN:198,(anonymous_8)
FN:210,(anonymous_9)
FNF:9
FNH:0
FNDA:0,getAuthenticatedClient
FNDA:0,(anonymous_2)
FNDA:0,(anonymous_3)
FNDA:0,(anonymous_4)
FNDA:0,(anonymous_5)
FNDA:0,(anonymous_6)
FNDA:0,(anonymous_7)
FNDA:0,(anonymous_8)
FNDA:0,(anonymous_9)
DA:3,0
DA:4,0
DA:5,0
DA:6,0
DA:7,0
DA:8,0
DA:10,0
DA:12,0
DA:23,0
DA:25,0
DA:32,0
DA:33,0
DA:34,0
DA:37,0
DA:38,0
DA:42,0
DA:46,0
DA:47,0
DA:48,0
DA:50,0
DA:51,0
DA:53,0
DA:54,0
DA:55,0
DA:58,0
DA:59,0
DA:61,0
DA:62,0
DA:63,0
DA:66,0
DA:67,0
DA:68,0
DA:69,0
DA:70,0
DA:71,0
DA:73,0
DA:80,0
DA:81,0
DA:83,0
DA:84,0
DA:86,0
DA:91,0
DA:93,0
DA:96,0
DA:98,0
DA:99,0
DA:100,0
DA:101,0
DA:103,0
DA:104,0
DA:105,0
DA:109,0
DA:110,0
DA:111,0
DA:112,0
DA:114,0
DA:115,0
DA:120,0
DA:124,0
DA:125,0
DA:126,0
DA:128,0
DA:129,0
DA:134,0
DA:139,0
DA:140,0
DA:141,0
DA:143,0
DA:145,0
DA:146,0
DA:147,0
DA:150,0
DA:152,0
DA:153,0
DA:154,0
DA:155,0
DA:157,0
DA:158,0
DA:159,0
DA:161,0
DA:162,0
DA:164,0
DA:167,0
DA:168,0
DA:173,0
DA:177,0
DA:178,0
DA:179,0
DA:181,0
DA:183,0
DA:184,0
DA:185,0
DA:187,0
DA:188,0
DA:193,0
DA:199,0
DA:200,0
DA:202,0
DA:204,0
DA:205,0
DA:210,0
DA:219,0
DA:220,0
DA:223,0
DA:225,0
DA:230,0
DA:231,0
DA:232,0
DA:234,0
DA:235,0
DA:239,0
LF:111
LH:0
BRDA:33,0,0,0
BRDA:33,1,0,0
BRDA:33,1,1,0
BRDA:50,2,0,0
BRDA:50,2,1,0
BRDA:80,3,0,0
BRDA:83,4,0,0
BRDA:145,5,0,0
BRDA:154,6,0,0
BRDA:157,7,0,0
BRDA:157,7,1,0
BRDA:158,8,0,0
BRDA:161,9,0,0
BRDA:204,10,0,0
BRDA:210,11,0,0
BRDA:210,11,1,0
BRF:16
BRH:0
end_of_record
TN:
SF:src/client.ts
FN:16,(anonymous_1)
FN:24,(anonymous_2)
FN:34,(anonymous_3)
FN:35,(anonymous_4)
FN:48,(anonymous_5)
FN:62,(anonymous_6)
FN:77,(anonymous_7)
FN:90,(anonymous_8)
FN:97,(anonymous_9)
FN:110,(anonymous_10)
FN:119,(anonymous_11)
FNF:11
FNH:8
FNDA:21,(anonymous_1)
FNDA:0,(anonymous_2)
FNDA:0,(anonymous_3)
FNDA:0,(anonymous_4)
FNDA:9,(anonymous_5)
FNDA:5,(anonymous_6)
FNDA:2,(anonymous_7)
FNDA:2,(anonymous_8)
FNDA:2,(anonymous_9)
FNDA:2,(anonymous_10)
FNDA:8,(anonymous_11)
DA:1,2
DA:2,2
DA:3,2
DA:12,2
DA:17,21
DA:18,21
DA:24,21
DA:25,0
DA:26,0
DA:27,0
DA:29,0
DA:33,21
DA:34,0
DA:36,0
DA:37,0
DA:39,0
DA:49,9
DA:50,9
DA:51,9
DA:52,3
DA:54,6
DA:63,5
DA:64,5
DA:65,4
DA:67,1
DA:78,2
DA:83,2
DA:91,2
DA:98,2
DA:99,2
DA:100,2
DA:102,0
DA:111,2
DA:112,2
DA:113,1
DA:115,1
DA:120,8
DA:121,1
DA:123,7
DA:124,7
DA:126,0
LF:41
LH:31
BRDA:25,0,0,0
BRDA:25,0,1,0
BRDA:26,1,0,0
BRDA:36,2,0,0
BRDA:50,3,0,1
BRDA:50,3,1,8
BRDA:81,4,0,2
BRDA:81,4,1,1
BRDA:120,5,0,1
BRDA:123,6,0,7
BRF:10
BRH:6
end_of_record
TN:
SF:src/config.ts
FN:10,getConfig
FNF:1
FNH:1
FNDA:21,getConfig
DA:6,2
DA:10,2
DA:11,21
LF:3
LH:3
BRDA:7,0,0,2
BRDA:7,0,1,2
BRF:2
BRH:2
end_of_record
TN:
SF:src/index.ts
FN:1,(anonymous_4)
FN:4,(anonymous_5)
FNF:2
FNH:0
FNDA:0,(anonymous_4)
FNDA:0,(anonymous_5)
DA:1,0
DA:3,0
DA:4,0
LF:3
LH:0
BRF:0
BRH:0
end_of_record
